{
  "stats": {
    "suites": 3,
    "tests": 5,
    "passes": 5,
    "pending": 0,
    "failures": 0,
    "start": "2026-06-18T10:09:49.516Z",
    "end": "2026-06-18T10:09:55.539Z",
    "duration": 6023,
    "testsRegistered": 5,
    "passPercent": 100,
    "pendingPercent": 0,
    "other": 0,
    "hasOther": false,
    "skipped": 0,
    "hasSkipped": false
  },
  "results": [
    {
      "uuid": "66b52d0b-244b-402d-83a3-1ef449383f75",
      "title": "",
      "fullFile": "C:\\Zidan\\Quality Assurance\\Digital Skola\\Program\\automation\\sesi9\\tests\\sauce.test.js",
      "file": "\\tests\\sauce.test.js",
      "beforeHooks": [],
      "afterHooks": [],
      "tests": [],
      "suites": [
        {
          "uuid": "de631d14-14c5-4fc4-8373-6aafd3622e3e",
          "title": "Saucedemo UI Web Automation",
          "fullFile": "C:\\Zidan\\Quality Assurance\\Digital Skola\\Program\\automation\\sesi9\\tests\\sauce.test.js",
          "file": "\\tests\\sauce.test.js",
          "beforeHooks": [],
          "afterHooks": [],
          "tests": [],
          "suites": [
            {
              "uuid": "945f16bc-382d-4957-9371-60660aaf7999",
              "title": "Login Functionality",
              "fullFile": "C:\\Zidan\\Quality Assurance\\Digital Skola\\Program\\automation\\sesi9\\tests\\sauce.test.js",
              "file": "\\tests\\sauce.test.js",
              "beforeHooks": [
                {
                  "title": "\"before each\" hook in \"Login Functionality\"",
                  "fullTitle": "Saucedemo UI Web Automation Login Functionality \"before each\" hook in \"Login Functionality\"",
                  "timedOut": false,
                  "duration": 1126,
                  "state": null,
                  "speed": null,
                  "pass": false,
                  "fail": false,
                  "pending": false,
                  "context": null,
                  "code": "driver = await new Builder().forBrowser('chrome').build();\nawait driver.get(baseURL);",
                  "err": {},
                  "uuid": "0a46649a-6c2a-45a7-813c-c640f21d8aa9",
                  "parentUUID": "945f16bc-382d-4957-9371-60660aaf7999",
                  "isHook": true,
                  "skipped": false
                }
              ],
              "afterHooks": [
                {
                  "title": "\"after each\" hook in \"Login Functionality\"",
                  "fullTitle": "Saucedemo UI Web Automation Login Functionality \"after each\" hook in \"Login Functionality\"",
                  "timedOut": false,
                  "duration": 41,
                  "state": null,
                  "speed": null,
                  "pass": false,
                  "fail": false,
                  "pending": false,
                  "context": null,
                  "code": "if(driver){\n                await driver.quit();\n            }",
                  "err": {},
                  "uuid": "b059b716-8ecb-4c0a-8d25-96bf158afee5",
                  "parentUUID": "945f16bc-382d-4957-9371-60660aaf7999",
                  "isHook": true,
                  "skipped": false
                }
              ],
              "tests": [
                {
                  "title": "should login successfully with valid credentials",
                  "fullTitle": "Saucedemo UI Web Automation Login Functionality should login successfully with valid credentials",
                  "timedOut": false,
                  "duration": 164,
                  "state": "passed",
                  "speed": "slow",
                  "pass": true,
                  "fail": false,
                  "pending": false,
                  "context": null,
                  "code": "await login(driver, 'standard_user', 'secret_sauce');\nlet spanTitleText = await driver.findElement(By.xpath(\"//span[@data-test='title']\")).getText();\nexpect(spanTitleText, \"login gagal\").to.equal(\"Products\");",
                  "err": {},
                  "uuid": "fd388170-67bc-4285-9d98-6a6677f81ccf",
                  "parentUUID": "945f16bc-382d-4957-9371-60660aaf7999",
                  "isHook": false,
                  "skipped": false
                },
                {
                  "title": "should fail to login with an invalid password",
                  "fullTitle": "Saucedemo UI Web Automation Login Functionality should fail to login with an invalid password",
                  "timedOut": false,
                  "duration": 173,
                  "state": "passed",
                  "speed": "slow",
                  "pass": true,
                  "fail": false,
                  "pending": false,
                  "context": null,
                  "code": "await login(driver, 'standard_user', 'bukan_sauce');\nlet errorText = await driver.findElement(By.xpath(\"//h3[@data-test='error']\")).getText();\nexpect(errorText, \"login berhasil\").to.equal(\"Epic sadface: Username and password do not match any user in this service\");",
                  "err": {},
                  "uuid": "9f37527d-4606-4e97-a7bd-79afc8adc971",
                  "parentUUID": "945f16bc-382d-4957-9371-60660aaf7999",
                  "isHook": false,
                  "skipped": false
                }
              ],
              "suites": [],
              "passes": [
                "fd388170-67bc-4285-9d98-6a6677f81ccf",
                "9f37527d-4606-4e97-a7bd-79afc8adc971"
              ],
              "failures": [],
              "pending": [],
              "skipped": [],
              "duration": 337,
              "root": false,
              "rootEmpty": false,
              "_timeout": 60000
            },
            {
              "uuid": "f1cc6a24-caa4-4e39-bf26-963674cf0d30",
              "title": "Product Sorting Functionality",
              "fullFile": "C:\\Zidan\\Quality Assurance\\Digital Skola\\Program\\automation\\sesi9\\tests\\sauce.test.js",
              "file": "\\tests\\sauce.test.js",
              "beforeHooks": [
                {
                  "title": "\"before all\" hook in \"Product Sorting Functionality\"",
                  "fullTitle": "Saucedemo UI Web Automation Product Sorting Functionality \"before all\" hook in \"Product Sorting Functionality\"",
                  "timedOut": false,
                  "duration": 1248,
                  "state": null,
                  "speed": null,
                  "pass": false,
                  "fail": false,
                  "pending": false,
                  "context": null,
                  "code": "driver = await new Builder().forBrowser('chrome').build();\nawait driver.get(baseURL);  \nawait login(driver, 'standard_user', 'secret_sauce');",
                  "err": {},
                  "uuid": "4ce920f4-22c4-4aa5-8f7d-9a4dba8549fe",
                  "parentUUID": "f1cc6a24-caa4-4e39-bf26-963674cf0d30",
                  "isHook": true,
                  "skipped": false
                }
              ],
              "afterHooks": [
                {
                  "title": "\"after all\" hook in \"Product Sorting Functionality\"",
                  "fullTitle": "Saucedemo UI Web Automation Product Sorting Functionality \"after all\" hook in \"Product Sorting Functionality\"",
                  "timedOut": false,
                  "duration": 231,
                  "state": null,
                  "speed": null,
                  "pass": false,
                  "fail": false,
                  "pending": false,
                  "context": null,
                  "code": "if(driver){\n                await driver.quit();\n            }",
                  "err": {},
                  "uuid": "373e7530-3a9f-4d13-b2ee-bb0432fd26a1",
                  "parentUUID": "f1cc6a24-caa4-4e39-bf26-963674cf0d30",
                  "isHook": true,
                  "skipped": false
                }
              ],
              "tests": [
                {
                  "title": "should display 'Name (A to Z)' ass the default selected option",
                  "fullTitle": "Saucedemo UI Web Automation Product Sorting Functionality should display 'Name (A to Z)' ass the default selected option",
                  "timedOut": false,
                  "duration": 15,
                  "state": "passed",
                  "speed": "fast",
                  "pass": true,
                  "fail": false,
                  "pending": false,
                  "context": null,
                  "code": "let visibleSpan = await driver.findElement(By.xpath(\"//span[@data-test='active-option']\")).getText();\nexpect(visibleSpan, \"error tidak ada elemen\").to.equal(\"Name (A to Z)\");",
                  "err": {},
                  "uuid": "ea7ab721-9037-4e55-8caf-9b9ec1976c28",
                  "parentUUID": "f1cc6a24-caa4-4e39-bf26-963674cf0d30",
                  "isHook": false,
                  "skipped": false
                },
                {
                  "title": "should sort products from Z to A when selected",
                  "fullTitle": "Saucedemo UI Web Automation Product Sorting Functionality should sort products from Z to A when selected",
                  "timedOut": false,
                  "duration": 117,
                  "state": "passed",
                  "speed": "slow",
                  "pass": true,
                  "fail": false,
                  "pending": false,
                  "context": null,
                  "code": "let selectFilter = await driver.findElement(By.xpath(\"//select[@data-test='product-sort-container']\")).click();\nlet selectOption = await driver.findElement(By.xpath(\"//option[@value='za']\")).click();\nlet visibleSpan = await driver.findElement(By.xpath(\"//span[@data-test='active-option']\")).getText();\n// ambil dari parent ke child di list pertama\nlet visibleProduct = await driver.findElement(By.xpath(\"(//div[@data-test='inventory-item'])[1]//div[contains(text(), 'Test.allTheThings() T-Shirt (Red)')]\")).getText();\nexpect(visibleSpan, \"error tidak ada elemen\").to.equal(\"Name (Z to A)\");\nexpect(visibleProduct, \"error tidak ada elemen\").to.equal(\"Test.allTheThings() T-Shirt (Red)\");\n\n// expect(visibleSelect, \"error tidak ada elemen\").to.equal(\"az\");",
                  "err": {},
                  "uuid": "c98d3fff-5b66-498f-bd55-7cfffcb32494",
                  "parentUUID": "f1cc6a24-caa4-4e39-bf26-963674cf0d30",
                  "isHook": false,
                  "skipped": false
                },
                {
                  "title": "should sort products from A to Z when selected",
                  "fullTitle": "Saucedemo UI Web Automation Product Sorting Functionality should sort products from A to Z when selected",
                  "timedOut": false,
                  "duration": 81,
                  "state": "passed",
                  "speed": "slow",
                  "pass": true,
                  "fail": false,
                  "pending": false,
                  "context": null,
                  "code": "let selectFilter = await driver.findElement(By.xpath(\"//select[@data-test='product-sort-container']\")).click();\nlet selectOption = await driver.findElement(By.xpath(\"//option[@value='az']\")).click();\nlet visibleSpan = await driver.findElement(By.xpath(\"//span[@data-test='active-option']\")).getText();\n// ambil dari parent ke child di list pertama\nlet visibleProduct = await driver.findElement(By.xpath(\"(//div[@data-test='inventory-item'])[1]//div[contains(text(), 'Sauce Labs Backpack')]\")).getText();\nexpect(visibleSpan, \"error tidak ada elemen\").to.equal(\"Name (A to Z)\");\nexpect(visibleProduct, \"error tidak ada elemen\").to.equal(\"Sauce Labs Backpack\");\n// expect(visibleSelect, \"error tidak ada elemen\").to.equal(\"az\");",
                  "err": {},
                  "uuid": "104ae047-dafc-46e7-8d02-7d02c74b90dc",
                  "parentUUID": "f1cc6a24-caa4-4e39-bf26-963674cf0d30",
                  "isHook": false,
                  "skipped": false
                }
              ],
              "suites": [],
              "passes": [
                "ea7ab721-9037-4e55-8caf-9b9ec1976c28",
                "c98d3fff-5b66-498f-bd55-7cfffcb32494",
                "104ae047-dafc-46e7-8d02-7d02c74b90dc"
              ],
              "failures": [],
              "pending": [],
              "skipped": [],
              "duration": 213,
              "root": false,
              "rootEmpty": false,
              "_timeout": 60000
            }
          ],
          "passes": [],
          "failures": [],
          "pending": [],
          "skipped": [],
          "duration": 0,
          "root": false,
          "rootEmpty": false,
          "_timeout": 60000
        }
      ],
      "passes": [],
      "failures": [],
      "pending": [],
      "skipped": [],
      "duration": 0,
      "root": true,
      "rootEmpty": true,
      "_timeout": 60000
    }
  ],
  "meta": {
    "mocha": {
      "version": "10.8.2"
    },
    "mochawesome": {
      "options": {
        "quiet": false,
        "reportFilename": "mochawesome",
        "saveHtml": true,
        "saveJson": true,
        "consoleReporter": "spec",
        "useInlineDiffs": false,
        "code": true
      },
      "version": "7.1.4"
    },
    "marge": {
      "options": null,
      "version": "6.3.2"
    }
  }
}